<?xml version="1.0" encoding="UTF-8"?>
<testsuite name="com.videogame.cucumber.CucumberRunner" time="8.282" tests="12" errors="0" skipped="0" failures="0">
  <properties>
[...]
</properties>
  <testcase name="When I create a new Videogame by providing the information name &quot;Mario&quot; releaseDate &quot;2021-07-14T22:02:17.443Z&quot; rating&quot; String&quot;" classname="| Mario | 2021-07-14T22:02:17.443Z | String |" time="0.007"/>
  <testcase name="Then I verify the VideoGame is created Successfully" classname="| Mario | 2021-07-14T22:02:17.443Z | String |" time="0"/>
  <testcase name="| Mario | 2021-07-14T22:02:17.443Z | String |" classname="| Mario | 2021-07-14T22:02:17.443Z | String |" time="6.903"/>
  <testcase name="When I send GET request to Videogame endpoint with Id &quot;id&quot;,I should See the Videogame information Successfully" classname="Scenario: Getting Videogame information by its Id" time="0"/>
  <testcase name="Scenario: Getting Videogame information by its Id" classname="Scenario: Getting Videogame information by its Id" time="0.399"/>
  <testcase name="When I update a created Videogame providing the new name" classname="Scenario: Update a created Videogame &amp; verify if the Videogame is updated" time="0"/>
  <testcase name="Then I verify the Videogame is updated Successfully" classname="Scenario: Update a created Videogame &amp; verify if the Videogame is updated" time="0"/>
  <testcase name="Scenario: Update a created Videogame &amp; verify if the Videogame is updated" classname="Scenario: Update a created Videogame &amp; verify if the Videogame is updated" time="0.289"/>
  <testcase name="When I delete a created Videogame ,they get back a valid status code is 200" classname="Scenario: Delete a created Videogame &amp; verify the Videogame is deleted" time="0"/>
  <testcase name="Scenario: Delete a created Videogame &amp; verify the Videogame is deleted" classname="Scenario: Delete a created Videogame &amp; verify the Videogame is deleted" time="0.312"/>
  <testcase name="When User sends a GET request to the Videogame endpoint,they get back a valid status code 200" classname="Scenario: Verify if the Videogame application can be accessed by users" time="0"/>
  <testcase name="Scenario: Verify if the Videogame application can be accessed by users" classname="Scenario: Verify if the Videogame application can be accessed by users" time="0.372"/>
</testsuite>