<?xml version="1.0" encoding="UTF-8"?><testsuite errors="0" failures="0" name="Testing requests of the Videogame application" skipped="0" tests="5" time="22.96" timestamp="2021-08-04T22:57:46.172+01:00[Europe/London]"><testcase name="Create a new videoGame &amp; Verify if the videoGame is added"/><testcase name="Getting Videogame information by its Id"/><testcase name="Update a created Videogame &amp; verify if the Videogame is updated"/><testcase name="Delete a created Videogame &amp; verify the Videogame is deleted"/><testcase name="Verify if the Videogame application can be accessed by users"/></testsuite>